Arguments: 
  C:\Program Files\nodejs\node.exe C:\Program Files (x86)\Yarn\bin\yarn.js add node-fetch

PATH: 
  C:\Users\Administrator\bin;C:\Program Files\Git\mingw64\bin;C:\Program Files\Git\usr\local\bin;C:\Program Files\Git\usr\bin;C:\Program Files\Git\usr\bin;C:\Program Files\Git\mingw64\bin;C:\Program Files\Git\usr\bin;C:\Users\Administrator\bin;C:\Windows\system32;C:\Windows;C:\Windows\System32\Wbem;C:\Windows\System32\WindowsPowerShell\v1.0;C:\Program Files (x86)\NVIDIA Corporation\PhysX\Common;C:\Program Files\Git\cmd;C:\Program Files (x86)\Yarn\bin;C:\Program Files\PuTTY;C:\Program Files\Microsoft VS Code\bin;C:\Program Files\nodejs;%SystemRoot%\system32;%SystemRoot%;%SystemRoot%\System32\Wbem;%SYSTEMROOT%\System32\WindowsPowerShell\v1.0;%SYSTEMROOT%\System32\OpenSSH;C:\Users\Administrator\AppData\Local\Microsoft\WindowsApps;C:\Users\Administrator\AppData\Local\Yarn\bin;C:\Program Files\Microsoft VS Code\bin;C:\Users\Administrator\AppData\Local\Programs\Fiddler;C:\Users\Administrator\AppData\Roaming\npm;%USERPROFILE%\AppData\Local\Microsoft\WindowsApps;C:\Program Files\Git\usr\bin\vendor_perl;C:\Program Files\Git\usr\bin\core_perl

Yarn version: 
  1.5.1

Node version: 
  8.12.0

Platform: 
  win32 x64

npm manifest: 
  {
    "name": "test",
    "version": "1.0.0",
    "description": "尝试各种技术的小demo",
    "main": "index.js",
    "scripts": {
      "test": "echo \"Error: no test specified\" && exit 1"
    },
    "keywords": [],
    "author": "",
    "license": "ISC",
    "dependencies": {
      "angular": "^1.6.0",
      "art-template": "^3.1.0",
      "body-parser": "^1.15.2",
      "bootstrap": "^3.3.7",
      "express": "^4.14.0",
      "jquery": "^3.1.1",
      "multer": "^1.2.1",
      "mysql": "^2.15.0",
      "socket.io": "^1.7.2"
    },
    "devDependencies": {
      "babel-preset-es2015": "^6.18.0",
      "babel-preset-stage-0": "^6.16.0",
      "babel-preset-stage-3": "^6.17.0",
      "babel-register": "^6.18.0"
    }
  }

yarn manifest: 
  No manifest

Lockfile: 
  No lockfile

Trace: 
  Error: connect ETIMEDOUT 114.55.80.225:80
      at TCPConnectWrap.afterConnect [as oncomplete] (net.js:1191:14)
